Projekt/WorkerDashboard/app/build/intermediates/manifest_merge_blame_file/debug/manifest-merger-blame-debug-report.txt
1<?xml version="1.0" encoding="utf-8"?>
2<manifest xmlns:android="http://schemas.android.com/apk/res/android"
3    package="hu.pannon.workerdashboard"
4    android:versionCode="1"
5    android:versionName="1.0" >
6
7    <uses-sdk
8        android:minSdkVersion="23"
8-->src\main\AndroidManifest.xml
9        android:targetSdkVersion="32" />
9-->src\main\AndroidManifest.xml
10
11    <uses-permission android:name="android.permission.INTERNET" />
11-->[com.google.firebase:firebase-auth:21.0.8] AndroidManifest.xml:23:5-67
11-->[com.google.firebase:firebase-auth:21.0.8] AndroidManifest.xml:23:22-64
12    <uses-permission android:name="android.permission.ACCESS_NETWORK_STATE" />
12-->[com.google.firebase:firebase-auth:21.0.8] AndroidManifest.xml:24:5-79
12-->[com.google.firebase:firebase-auth:21.0.8] AndroidManifest.xml:24:22-76
13    <uses-permission android:name="android.permission.ACCESS_FINE_LOCATION" />
13-->[com.google.android.libraries.places:places:2.6.0] AndroidManifest.xml:9:5-79
13-->[com.google.android.libraries.places:places:2.6.0] AndroidManifest.xml:9:22-76
14    <uses-permission android:name="android.permission.ACCESS_WIFI_STATE" />
14-->[com.google.android.libraries.places:places:2.6.0] AndroidManifest.xml:10:5-76
14-->[com.google.android.libraries.places:places:2.6.0] AndroidManifest.xml:10:22-73
15
16    <uses-feature
16-->[com.google.android.gms:play-services-maps:18.1.0] AndroidManifest.xml:26:5-28:35
17        android:glEsVersion="0x00020000"
17-->[com.google.android.gms:play-services-maps:18.1.0] AndroidManifest.xml:27:9-41
18        android:required="true" />
18-->[com.google.android.gms:play-services-maps:18.1.0] AndroidManifest.xml:28:9-32
19
20    <queries>
20-->[com.google.android.gms:play-services-maps:18.1.0] AndroidManifest.xml:30:5-34:15
21
22        <!-- Needs to be explicitly declared on Android R+ -->
23        <package android:name="com.google.android.apps.maps" />
23-->[com.google.android.gms:play-services-maps:18.1.0] AndroidManifest.xml:33:9-64
23-->[com.google.android.gms:play-services-maps:18.1.0] AndroidManifest.xml:33:18-61
24    </queries>
25
26    <uses-permission android:name="android.permission.WAKE_LOCK" />
26-->[com.google.android.gms:play-services-measurement-api:21.1.1] AndroidManifest.xml:24:5-68
26-->[com.google.android.gms:play-services-measurement-api:21.1.1] AndroidManifest.xml:24:22-65
27    <uses-permission android:name="com.google.android.gms.permission.AD_ID" />
27-->[com.google.android.gms:play-services-measurement-api:21.1.1] AndroidManifest.xml:25:5-79
27-->[com.google.android.gms:play-services-measurement-api:21.1.1] AndroidManifest.xml:25:22-76
28    <uses-permission android:name="com.google.android.finsky.permission.BIND_GET_INSTALL_REFERRER_SERVICE" />
28-->[com.google.android.gms:play-services-measurement:21.1.1] AndroidManifest.xml:26:5-110
28-->[com.google.android.gms:play-services-measurement:21.1.1] AndroidManifest.xml:26:22-107
29
30    <application
30-->src\main\AndroidManifest.xml:5:5-30:19
31        android:allowBackup="true"
31-->src\main\AndroidManifest.xml:6:9-35
32        android:appComponentFactory="androidx.core.app.CoreComponentFactory"
32-->[androidx.core:core:1.8.0] AndroidManifest.xml:24:18-86
33        android:dataExtractionRules="@xml/data_extraction_rules"
33-->src\main\AndroidManifest.xml:7:9-65
34        android:debuggable="true"
35        android:extractNativeLibs="false"
36        android:fullBackupContent="@xml/backup_rules"
36-->src\main\AndroidManifest.xml:8:9-54
37        android:icon="@mipmap/ic_launcher"
37-->src\main\AndroidManifest.xml:9:9-43
38        android:label="@string/app_name"
38-->src\main\AndroidManifest.xml:10:9-41
39        android:roundIcon="@mipmap/ic_launcher_round"
39-->src\main\AndroidManifest.xml:11:9-54
40        android:supportsRtl="true"
40-->src\main\AndroidManifest.xml:12:9-35
41        android:testOnly="true"
42        android:theme="@style/Theme.WorkerDashboard" >
42-->src\main\AndroidManifest.xml:13:9-53
43        <activity
43-->src\main\AndroidManifest.xml:17:9-29:20
44            android:name="hu.pannon.workerdashboard.MainActivity"
44-->src\main\AndroidManifest.xml:18:13-41
45            android:exported="true" >
45-->src\main\AndroidManifest.xml:19:13-36
46            <intent-filter>
46-->src\main\AndroidManifest.xml:20:13-24:29
47                <action android:name="android.intent.action.MAIN" />
47-->src\main\AndroidManifest.xml:21:17-69
47-->src\main\AndroidManifest.xml:21:25-66
48
49                <category android:name="android.intent.category.LAUNCHER" />
49-->src\main\AndroidManifest.xml:23:17-77
49-->src\main\AndroidManifest.xml:23:27-74
50            </intent-filter>
51
52            <meta-data
52-->src\main\AndroidManifest.xml:26:13-28:36
53                android:name="android.app.lib_name"
53-->src\main\AndroidManifest.xml:27:17-52
54                android:value="" />
54-->src\main\AndroidManifest.xml:28:17-33
55        </activity>
56        <activity
56-->[com.google.firebase:firebase-auth:21.0.8] AndroidManifest.xml:27:9-44:20
57            android:name="com.google.firebase.auth.internal.GenericIdpActivity"
57-->[com.google.firebase:firebase-auth:21.0.8] AndroidManifest.xml:28:13-80
58            android:excludeFromRecents="true"
58-->[com.google.firebase:firebase-auth:21.0.8] AndroidManifest.xml:29:13-46
59            android:exported="true"
59-->[com.google.firebase:firebase-auth:21.0.8] AndroidManifest.xml:30:13-36
60            android:launchMode="singleTask"
60-->[com.google.firebase:firebase-auth:21.0.8] AndroidManifest.xml:31:13-44
61            android:theme="@android:style/Theme.Translucent.NoTitleBar" >
61-->[com.google.firebase:firebase-auth:21.0.8] AndroidManifest.xml:32:13-72
62            <intent-filter>
62-->[com.google.firebase:firebase-auth:21.0.8] AndroidManifest.xml:33:13-43:29
63                <action android:name="android.intent.action.VIEW" />
63-->[com.google.firebase:firebase-auth:21.0.8] AndroidManifest.xml:34:17-69
63-->[com.google.firebase:firebase-auth:21.0.8] AndroidManifest.xml:34:25-66
64
65                <category android:name="android.intent.category.DEFAULT" />
65-->[com.google.firebase:firebase-auth:21.0.8] AndroidManifest.xml:36:17-76
65-->[com.google.firebase:firebase-auth:21.0.8] AndroidManifest.xml:36:27-73
66                <category android:name="android.intent.category.BROWSABLE" />
66-->[com.google.firebase:firebase-auth:21.0.8] AndroidManifest.xml:37:17-78
66-->[com.google.firebase:firebase-auth:21.0.8] AndroidManifest.xml:37:27-75
67
68                <data
68-->[com.google.firebase:firebase-auth:21.0.8] AndroidManifest.xml:39:17-42:51
69                    android:host="firebase.auth"
69-->[com.google.firebase:firebase-auth:21.0.8] AndroidManifest.xml:40:21-49
70                    android:path="/"
70-->[com.google.firebase:firebase-auth:21.0.8] AndroidManifest.xml:41:21-37
71                    android:scheme="genericidp" />
71-->[com.google.firebase:firebase-auth:21.0.8] AndroidManifest.xml:42:21-48
72            </intent-filter>
73        </activity>
74        <activity
74-->[com.google.firebase:firebase-auth:21.0.8] AndroidManifest.xml:45:9-62:20
75            android:name="com.google.firebase.auth.internal.RecaptchaActivity"
75-->[com.google.firebase:firebase-auth:21.0.8] AndroidManifest.xml:46:13-79
76            android:excludeFromRecents="true"
76-->[com.google.firebase:firebase-auth:21.0.8] AndroidManifest.xml:47:13-46
77            android:exported="true"
77-->[com.google.firebase:firebase-auth:21.0.8] AndroidManifest.xml:48:13-36
78            android:launchMode="singleTask"
78-->[com.google.firebase:firebase-auth:21.0.8] AndroidManifest.xml:49:13-44
79            android:theme="@android:style/Theme.Translucent.NoTitleBar" >
79-->[com.google.firebase:firebase-auth:21.0.8] AndroidManifest.xml:50:13-72
80            <intent-filter>
80-->[com.google.firebase:firebase-auth:21.0.8] AndroidManifest.xml:51:13-61:29
81                <action android:name="android.intent.action.VIEW" />
81-->[com.google.firebase:firebase-auth:21.0.8] AndroidManifest.xml:34:17-69
81-->[com.google.firebase:firebase-auth:21.0.8] AndroidManifest.xml:34:25-66
82
83                <category android:name="android.intent.category.DEFAULT" />
83-->[com.google.firebase:firebase-auth:21.0.8] AndroidManifest.xml:36:17-76
83-->[com.google.firebase:firebase-auth:21.0.8] AndroidManifest.xml:36:27-73
84                <category android:name="android.intent.category.BROWSABLE" />
84-->[com.google.firebase:firebase-auth:21.0.8] AndroidManifest.xml:37:17-78
84-->[com.google.firebase:firebase-auth:21.0.8] AndroidManifest.xml:37:27-75
85
86                <data
86-->[com.google.firebase:firebase-auth:21.0.8] AndroidManifest.xml:39:17-42:51
87                    android:host="firebase.auth"
87-->[com.google.firebase:firebase-auth:21.0.8] AndroidManifest.xml:40:21-49
88                    android:path="/"
88-->[com.google.firebase:firebase-auth:21.0.8] AndroidManifest.xml:41:21-37
89                    android:scheme="recaptcha" />
89-->[com.google.firebase:firebase-auth:21.0.8] AndroidManifest.xml:42:21-48
90            </intent-filter>
91        </activity>
92
93        <service
93-->[com.google.firebase:firebase-auth:21.0.8] AndroidManifest.xml:64:9-70:19
94            android:name="com.google.firebase.components.ComponentDiscoveryService"
94-->[com.google.firebase:firebase-auth:21.0.8] AndroidManifest.xml:65:13-84
95            android:directBootAware="true"
95-->[com.google.firebase:firebase-common:20.1.2] AndroidManifest.xml:35:13-43
96            android:exported="false" >
96-->[com.google.firebase:firebase-auth:21.0.8] AndroidManifest.xml:66:13-37
97            <meta-data
97-->[com.google.firebase:firebase-auth:21.0.8] AndroidManifest.xml:67:13-69:85
98                android:name="com.google.firebase.components:com.google.firebase.auth.FirebaseAuthRegistrar"
98-->[com.google.firebase:firebase-auth:21.0.8] AndroidManifest.xml:68:17-109
99                android:value="com.google.firebase.components.ComponentRegistrar" />
99-->[com.google.firebase:firebase-auth:21.0.8] AndroidManifest.xml:69:17-82
100            <meta-data
100-->[com.google.firebase:firebase-firestore:24.3.0] AndroidManifest.xml:20:13-22:85
101                android:name="com.google.firebase.components:com.google.firebase.firestore.FirestoreRegistrar"
101-->[com.google.firebase:firebase-firestore:24.3.0] AndroidManifest.xml:21:17-111
102                android:value="com.google.firebase.components.ComponentRegistrar" />
102-->[com.google.firebase:firebase-firestore:24.3.0] AndroidManifest.xml:22:17-82
103            <meta-data
103-->[com.google.android.gms:play-services-measurement-api:21.1.1] AndroidManifest.xml:31:13-33:85
104                android:name="com.google.firebase.components:com.google.firebase.analytics.connector.internal.AnalyticsConnectorRegistrar"
104-->[com.google.android.gms:play-services-measurement-api:21.1.1] AndroidManifest.xml:32:17-139
105                android:value="com.google.firebase.components.ComponentRegistrar" />
105-->[com.google.android.gms:play-services-measurement-api:21.1.1] AndroidManifest.xml:33:17-82
106            <meta-data
106-->[com.google.firebase:firebase-installations:17.0.2] AndroidManifest.xml:18:13-20:85
107                android:name="com.google.firebase.components:com.google.firebase.installations.FirebaseInstallationsRegistrar"
107-->[com.google.firebase:firebase-installations:17.0.2] AndroidManifest.xml:19:17-127
108                android:value="com.google.firebase.components.ComponentRegistrar" />
108-->[com.google.firebase:firebase-installations:17.0.2] AndroidManifest.xml:20:17-82
109        </service>
110
111        <activity
111-->[com.google.android.libraries.places:places:2.6.0] AndroidManifest.xml:14:9-20:20
112            android:name="com.google.android.libraries.places.widget.AutocompleteActivity"
112-->[com.google.android.libraries.places:places:2.6.0] AndroidManifest.xml:15:13-91
113            android:exported="false"
113-->[com.google.android.libraries.places:places:2.6.0] AndroidManifest.xml:16:13-37
114            android:label="@string/places_autocomplete_label"
114-->[com.google.android.libraries.places:places:2.6.0] AndroidManifest.xml:17:13-62
115            android:theme="@style/PlacesAutocompleteOverlay"
115-->[com.google.android.libraries.places:places:2.6.0] AndroidManifest.xml:18:13-61
116            android:windowSoftInputMode="adjustResize" >
116-->[com.google.android.libraries.places:places:2.6.0] AndroidManifest.xml:19:13-55
117        </activity> <!-- Needs to be explicitly declared on P+ -->
118        <uses-library
118-->[com.google.android.gms:play-services-maps:18.1.0] AndroidManifest.xml:39:9-41:40
119            android:name="org.apache.http.legacy"
119-->[com.google.android.gms:play-services-maps:18.1.0] AndroidManifest.xml:40:13-50
120            android:required="false" />
120-->[com.google.android.gms:play-services-maps:18.1.0] AndroidManifest.xml:41:13-37
121
122        <provider
122-->[com.google.firebase:firebase-common:20.1.2] AndroidManifest.xml:26:9-31:39
123            android:name="com.google.firebase.provider.FirebaseInitProvider"
123-->[com.google.firebase:firebase-common:20.1.2] AndroidManifest.xml:27:13-77
124            android:authorities="hu.pannon.workerdashboard.firebaseinitprovider"
124-->[com.google.firebase:firebase-common:20.1.2] AndroidManifest.xml:28:13-72
125            android:directBootAware="true"
125-->[com.google.firebase:firebase-common:20.1.2] AndroidManifest.xml:29:13-43
126            android:exported="false"
126-->[com.google.firebase:firebase-common:20.1.2] AndroidManifest.xml:30:13-37
127            android:initOrder="100" />
127-->[com.google.firebase:firebase-common:20.1.2] AndroidManifest.xml:31:13-36
128
129        <activity
129-->[com.google.android.gms:play-services-base:18.0.1] AndroidManifest.xml:20:9-22:45
130            android:name="com.google.android.gms.common.api.GoogleApiActivity"
130-->[com.google.android.gms:play-services-base:18.0.1] AndroidManifest.xml:20:19-85
131            android:exported="false"
131-->[com.google.android.gms:play-services-base:18.0.1] AndroidManifest.xml:22:19-43
132            android:theme="@android:style/Theme.Translucent.NoTitleBar" />
132-->[com.google.android.gms:play-services-base:18.0.1] AndroidManifest.xml:21:19-78
133
134        <receiver
134-->[com.google.android.gms:play-services-measurement:21.1.1] AndroidManifest.xml:29:9-33:20
135            android:name="com.google.android.gms.measurement.AppMeasurementReceiver"
135-->[com.google.android.gms:play-services-measurement:21.1.1] AndroidManifest.xml:30:13-85
136            android:enabled="true"
136-->[com.google.android.gms:play-services-measurement:21.1.1] AndroidManifest.xml:31:13-35
137            android:exported="false" >
137-->[com.google.android.gms:play-services-measurement:21.1.1] AndroidManifest.xml:32:13-37
138        </receiver>
139
140        <service
140-->[com.google.android.gms:play-services-measurement:21.1.1] AndroidManifest.xml:35:9-38:40
141            android:name="com.google.android.gms.measurement.AppMeasurementService"
141-->[com.google.android.gms:play-services-measurement:21.1.1] AndroidManifest.xml:36:13-84
142            android:enabled="true"
142-->[com.google.android.gms:play-services-measurement:21.1.1] AndroidManifest.xml:37:13-35
143            android:exported="false" />
143-->[com.google.android.gms:play-services-measurement:21.1.1] AndroidManifest.xml:38:13-37
144        <service
144-->[com.google.android.gms:play-services-measurement:21.1.1] AndroidManifest.xml:39:9-43:72
145            android:name="com.google.android.gms.measurement.AppMeasurementJobService"
145-->[com.google.android.gms:play-services-measurement:21.1.1] AndroidManifest.xml:40:13-87
146            android:enabled="true"
146-->[com.google.android.gms:play-services-measurement:21.1.1] AndroidManifest.xml:41:13-35
147            android:exported="false"
147-->[com.google.android.gms:play-services-measurement:21.1.1] AndroidManifest.xml:42:13-37
148            android:permission="android.permission.BIND_JOB_SERVICE" />
148-->[com.google.android.gms:play-services-measurement:21.1.1] AndroidManifest.xml:43:13-69
149
150        <meta-data
150-->[com.google.android.gms:play-services-basement:18.1.0] AndroidManifest.xml:21:9-23:69
151            android:name="com.google.android.gms.version"
151-->[com.google.android.gms:play-services-basement:18.1.0] AndroidManifest.xml:22:13-58
152            android:value="@integer/google_play_services_version" />
152-->[com.google.android.gms:play-services-basement:18.1.0] AndroidManifest.xml:23:13-66
153
154        <provider
154-->[androidx.emoji2:emoji2:1.2.0] AndroidManifest.xml:24:9-32:20
155            android:name="androidx.startup.InitializationProvider"
155-->[androidx.emoji2:emoji2:1.2.0] AndroidManifest.xml:25:13-67
156            android:authorities="hu.pannon.workerdashboard.androidx-startup"
156-->[androidx.emoji2:emoji2:1.2.0] AndroidManifest.xml:26:13-68
157            android:exported="false" >
157-->[androidx.emoji2:emoji2:1.2.0] AndroidManifest.xml:27:13-37
158            <meta-data
158-->[androidx.emoji2:emoji2:1.2.0] AndroidManifest.xml:29:13-31:52
159                android:name="androidx.emoji2.text.EmojiCompatInitializer"
159-->[androidx.emoji2:emoji2:1.2.0] AndroidManifest.xml:30:17-75
160                android:value="androidx.startup" />
160-->[androidx.emoji2:emoji2:1.2.0] AndroidManifest.xml:31:17-49
161            <meta-data
161-->[androidx.lifecycle:lifecycle-process:2.4.1] AndroidManifest.xml:31:13-33:52
162                android:name="androidx.lifecycle.ProcessLifecycleInitializer"
162-->[androidx.lifecycle:lifecycle-process:2.4.1] AndroidManifest.xml:32:17-78
163                android:value="androidx.startup" />
163-->[androidx.lifecycle:lifecycle-process:2.4.1] AndroidManifest.xml:33:17-49
164        </provider>
165
166        <uses-library
166-->[androidx.window:window:1.0.0] AndroidManifest.xml:25:9-27:40
167            android:name="androidx.window.extensions"
167-->[androidx.window:window:1.0.0] AndroidManifest.xml:26:13-54
168            android:required="false" />
168-->[androidx.window:window:1.0.0] AndroidManifest.xml:27:13-37
169        <uses-library
169-->[androidx.window:window:1.0.0] AndroidManifest.xml:28:9-30:40
170            android:name="androidx.window.sidecar"
170-->[androidx.window:window:1.0.0] AndroidManifest.xml:29:13-51
171            android:required="false" />
171-->[androidx.window:window:1.0.0] AndroidManifest.xml:30:13-37
172
173        <service
173-->[com.google.android.datatransport:transport-backend-cct:2.3.0] AndroidManifest.xml:29:9-35:19
174            android:name="com.google.android.datatransport.runtime.backends.TransportBackendDiscovery"
174-->[com.google.android.datatransport:transport-backend-cct:2.3.0] AndroidManifest.xml:30:13-103
175            android:exported="false" >
175-->[com.google.android.datatransport:transport-backend-cct:2.3.0] AndroidManifest.xml:31:13-37
176            <meta-data
176-->[com.google.android.datatransport:transport-backend-cct:2.3.0] AndroidManifest.xml:32:13-34:39
177                android:name="backend:com.google.android.datatransport.cct.CctBackendFactory"
177-->[com.google.android.datatransport:transport-backend-cct:2.3.0] AndroidManifest.xml:33:17-94
178                android:value="cct" />
178-->[com.google.android.datatransport:transport-backend-cct:2.3.0] AndroidManifest.xml:34:17-36
179        </service>
180        <service
180-->[com.google.android.datatransport:transport-runtime:2.2.3] AndroidManifest.xml:26:9-30:19
181            android:name="com.google.android.datatransport.runtime.scheduling.jobscheduling.JobInfoSchedulerService"
181-->[com.google.android.datatransport:transport-runtime:2.2.3] AndroidManifest.xml:27:13-117
182            android:exported="false"
182-->[com.google.android.datatransport:transport-runtime:2.2.3] AndroidManifest.xml:28:13-37
183            android:permission="android.permission.BIND_JOB_SERVICE" >
183-->[com.google.android.datatransport:transport-runtime:2.2.3] AndroidManifest.xml:29:13-69
184        </service>
185
186        <receiver
186-->[com.google.android.datatransport:transport-runtime:2.2.3] AndroidManifest.xml:32:9-34:40
187            android:name="com.google.android.datatransport.runtime.scheduling.jobscheduling.AlarmManagerSchedulerBroadcastReceiver"
187-->[com.google.android.datatransport:transport-runtime:2.2.3] AndroidManifest.xml:33:13-132
188            android:exported="false" />
188-->[com.google.android.datatransport:transport-runtime:2.2.3] AndroidManifest.xml:34:13-37
189    </application>
190
191</manifest>